2023-05-16T09:11:54.634Z [Modules] Modules initializing
2023-05-16T09:11:54.635Z [Modules] Distribution: remote
2023-05-16T09:11:54.635Z [Modules] Host updates: enabled
2023-05-16T09:11:54.635Z [Modules] Module updates: enabled
2023-05-16T09:11:54.635Z [Modules] Module install path: /home/b33nan/.config/discord/0.0.27/modules
2023-05-16T09:11:54.635Z [Modules] Module installed file path: /home/b33nan/.config/discord/0.0.27/modules/installed.json
2023-05-16T09:11:54.635Z [Modules] Module download path: /home/b33nan/.config/discord/0.0.27/modules/pending
2023-05-16T09:11:54.807Z [Modules] Bootstrapping...
2023-05-16T09:11:54.807Z [Modules] Installing discord_desktop_core@0 from /opt/discord/resources/bootstrap/discord_desktop_core.zip
2023-05-16T09:11:54.808Z [Modules] Failed installing discord_desktop_core@0: Error: ENOENT: no such file or directory, open '/opt/discord/resources/bootstrap/discord_desktop_core.zip'
2023-05-16T09:11:54.809Z [Modules] Installing discord_erlpack@0 from /opt/discord/resources/bootstrap/discord_erlpack.zip
2023-05-16T09:11:54.811Z [Modules] Failed installing discord_erlpack@0: Error: ENOENT: no such file or directory, open '/opt/discord/resources/bootstrap/discord_erlpack.zip'
2023-05-16T09:11:54.811Z [Modules] Installing discord_spellcheck@0 from /opt/discord/resources/bootstrap/discord_spellcheck.zip
2023-05-16T09:11:54.812Z [Modules] Failed installing discord_spellcheck@0: Error: ENOENT: no such file or directory, open '/opt/discord/resources/bootstrap/discord_spellcheck.zip'
2023-05-16T09:11:54.812Z [Modules] Installing discord_utils@0 from /opt/discord/resources/bootstrap/discord_utils.zip
2023-05-16T09:11:54.813Z [Modules] Failed installing discord_utils@0: Error: ENOENT: no such file or directory, open '/opt/discord/resources/bootstrap/discord_utils.zip'
2023-05-16T09:11:54.813Z [Modules] Installing discord_voice@0 from /opt/discord/resources/bootstrap/discord_voice.zip
2023-05-16T09:11:54.813Z [Modules] Failed installing discord_voice@0: Error: ENOENT: no such file or directory, open '/opt/discord/resources/bootstrap/discord_voice.zip'
2023-05-16T09:11:54.813Z [Modules] Finished module installations. [success: 0] [failure: 5]
2023-05-16T09:11:54.814Z [Modules] Checking for host updates.
2023-05-16T09:11:54.909Z [Modules] Host is up to date.
2023-05-16T09:11:54.909Z [Modules] Checking for module updates at https://discord.com/api/modules/stable/versions.json
2023-05-16T09:11:55.001Z [Modules] Module update available: discord_desktop_core@1 [installed: 0]
2023-05-16T09:11:55.002Z [Modules] Module update available: discord_erlpack@1 [installed: 0]
2023-05-16T09:11:55.002Z [Modules] Module update available: discord_spellcheck@1 [installed: 0]
2023-05-16T09:11:55.002Z [Modules] Module update available: discord_utils@1 [installed: 0]
2023-05-16T09:11:55.002Z [Modules] Module update available: discord_voice@1 [installed: 0]
2023-05-16T09:11:55.002Z [Modules] Fetching discord_desktop_core@1 from https://discord.com/api/modules/stable/discord_desktop_core/1
2023-05-16T09:11:55.002Z [Modules] Streaming discord_desktop_core@1 to /home/b33nan/.config/discord/0.0.27/modules/pending/discord_desktop_core-1.zip
2023-05-16T09:11:55.114Z [Modules] Streaming discord_desktop_core@1 to /home/b33nan/.config/discord/0.0.27/modules/pending/discord_desktop_core-1.zip: 2%
2023-05-16T09:11:55.117Z [Modules] Streaming discord_desktop_core@1 to /home/b33nan/.config/discord/0.0.27/modules/pending/discord_desktop_core-1.zip: 3%
2023-05-16T09:11:55.120Z [Modules] Streaming discord_desktop_core@1 to /home/b33nan/.config/discord/0.0.27/modules/pending/discord_desktop_core-1.zip: 6%
2023-05-16T09:11:55.124Z [Modules] Streaming discord_desktop_core@1 to /home/b33nan/.config/discord/0.0.27/modules/pending/discord_desktop_core-1.zip: 7%
2023-05-16T09:11:55.127Z [Modules] Streaming discord_desktop_core@1 to /home/b33nan/.config/discord/0.0.27/modules/pending/discord_desktop_core-1.zip: 11%
2023-05-16T09:11:55.129Z [Modules] Streaming discord_desktop_core@1 to /home/b33nan/.config/discord/0.0.27/modules/pending/discord_desktop_core-1.zip: 13%
2023-05-16T09:11:55.131Z [Modules] Streaming discord_desktop_core@1 to /home/b33nan/.config/discord/0.0.27/modules/pending/discord_desktop_core-1.zip: 15%
2023-05-16T09:11:55.133Z [Modules] Streaming discord_desktop_core@1 to /home/b33nan/.config/discord/0.0.27/modules/pending/discord_desktop_core-1.zip: 20%
2023-05-16T09:11:55.135Z [Modules] Streaming discord_desktop_core@1 to /home/b33nan/.config/discord/0.0.27/modules/pending/discord_desktop_core-1.zip: 24%
2023-05-16T09:11:55.138Z [Modules] Streaming discord_desktop_core@1 to /home/b33nan/.config/discord/0.0.27/modules/pending/discord_desktop_core-1.zip: 28%
2023-05-16T09:11:55.140Z [Modules] Streaming discord_desktop_core@1 to /home/b33nan/.config/discord/0.0.27/modules/pending/discord_desktop_core-1.zip: 33%
2023-05-16T09:11:55.142Z [Modules] Streaming discord_desktop_core@1 to /home/b33nan/.config/discord/0.0.27/modules/pending/discord_desktop_core-1.zip: 39%
2023-05-16T09:11:55.144Z [Modules] Streaming discord_desktop_core@1 to /home/b33nan/.config/discord/0.0.27/modules/pending/discord_desktop_core-1.zip: 46%
2023-05-16T09:11:55.145Z [Modules] Streaming discord_desktop_core@1 to /home/b33nan/.config/discord/0.0.27/modules/pending/discord_desktop_core-1.zip: 50%
2023-05-16T09:11:55.145Z [Modules] Streaming discord_desktop_core@1 to /home/b33nan/.config/discord/0.0.27/modules/pending/discord_desktop_core-1.zip: 59%
2023-05-16T09:11:55.146Z [Modules] Streaming discord_desktop_core@1 to /home/b33nan/.config/discord/0.0.27/modules/pending/discord_desktop_core-1.zip: 63%
2023-05-16T09:11:55.147Z [Modules] Streaming discord_desktop_core@1 to /home/b33nan/.config/discord/0.0.27/modules/pending/discord_desktop_core-1.zip: 69%
2023-05-16T09:11:55.148Z [Modules] Streaming discord_desktop_core@1 to /home/b33nan/.config/discord/0.0.27/modules/pending/discord_desktop_core-1.zip: 71%
2023-05-16T09:11:55.149Z [Modules] Streaming discord_desktop_core@1 to /home/b33nan/.config/discord/0.0.27/modules/pending/discord_desktop_core-1.zip: 76%
2023-05-16T09:11:55.150Z [Modules] Streaming discord_desktop_core@1 to /home/b33nan/.config/discord/0.0.27/modules/pending/discord_desktop_core-1.zip: 84%
2023-05-16T09:11:55.151Z [Modules] Streaming discord_desktop_core@1 to /home/b33nan/.config/discord/0.0.27/modules/pending/discord_desktop_core-1.zip: 93%
2023-05-16T09:11:55.152Z [Modules] Streaming discord_desktop_core@1 to /home/b33nan/.config/discord/0.0.27/modules/pending/discord_desktop_core-1.zip: 100%
2023-05-16T09:11:55.154Z [Modules] Fetching discord_erlpack@1 from https://discord.com/api/modules/stable/discord_erlpack/1
2023-05-16T09:11:55.154Z [Modules] Streaming discord_erlpack@1 to /home/b33nan/.config/discord/0.0.27/modules/pending/discord_erlpack-1.zip
2023-05-16T09:11:55.235Z [Modules] Streaming discord_erlpack@1 to /home/b33nan/.config/discord/0.0.27/modules/pending/discord_erlpack-1.zip: 3%
2023-05-16T09:11:55.236Z [Modules] Streaming discord_erlpack@1 to /home/b33nan/.config/discord/0.0.27/modules/pending/discord_erlpack-1.zip: 4%
2023-05-16T09:11:55.236Z [Modules] Streaming discord_erlpack@1 to /home/b33nan/.config/discord/0.0.27/modules/pending/discord_erlpack-1.zip: 12%
2023-05-16T09:11:55.237Z [Modules] Streaming discord_erlpack@1 to /home/b33nan/.config/discord/0.0.27/modules/pending/discord_erlpack-1.zip: 18%
2023-05-16T09:11:55.237Z [Modules] Streaming discord_erlpack@1 to /home/b33nan/.config/discord/0.0.27/modules/pending/discord_erlpack-1.zip: 21%
2023-05-16T09:11:55.238Z [Modules] Streaming discord_erlpack@1 to /home/b33nan/.config/discord/0.0.27/modules/pending/discord_erlpack-1.zip: 25%
2023-05-16T09:11:55.239Z [Modules] Streaming discord_erlpack@1 to /home/b33nan/.config/discord/0.0.27/modules/pending/discord_erlpack-1.zip: 29%
2023-05-16T09:11:55.239Z [Modules] Streaming discord_erlpack@1 to /home/b33nan/.config/discord/0.0.27/modules/pending/discord_erlpack-1.zip: 33%
2023-05-16T09:11:55.239Z [Modules] Streaming discord_erlpack@1 to /home/b33nan/.config/discord/0.0.27/modules/pending/discord_erlpack-1.zip: 36%
2023-05-16T09:11:55.240Z [Modules] Streaming discord_erlpack@1 to /home/b33nan/.config/discord/0.0.27/modules/pending/discord_erlpack-1.zip: 38%
2023-05-16T09:11:55.247Z [Modules] Streaming discord_erlpack@1 to /home/b33nan/.config/discord/0.0.27/modules/pending/discord_erlpack-1.zip: 42%
2023-05-16T09:11:55.247Z [Modules] Streaming discord_erlpack@1 to /home/b33nan/.config/discord/0.0.27/modules/pending/discord_erlpack-1.zip: 46%
2023-05-16T09:11:55.248Z [Modules] Streaming discord_erlpack@1 to /home/b33nan/.config/discord/0.0.27/modules/pending/discord_erlpack-1.zip: 50%
2023-05-16T09:11:55.248Z [Modules] Streaming discord_erlpack@1 to /home/b33nan/.config/discord/0.0.27/modules/pending/discord_erlpack-1.zip: 53%
2023-05-16T09:11:55.249Z [Modules] Streaming discord_erlpack@1 to /home/b33nan/.config/discord/0.0.27/modules/pending/discord_erlpack-1.zip: 60%
2023-05-16T09:11:55.249Z [Modules] Streaming discord_erlpack@1 to /home/b33nan/.config/discord/0.0.27/modules/pending/discord_erlpack-1.zip: 66%
2023-05-16T09:11:55.250Z [Modules] Streaming discord_erlpack@1 to /home/b33nan/.config/discord/0.0.27/modules/pending/discord_erlpack-1.zip: 72%
2023-05-16T09:11:55.250Z [Modules] Streaming discord_erlpack@1 to /home/b33nan/.config/discord/0.0.27/modules/pending/discord_erlpack-1.zip: 76%
2023-05-16T09:11:55.251Z [Modules] Streaming discord_erlpack@1 to /home/b33nan/.config/discord/0.0.27/modules/pending/discord_erlpack-1.zip: 80%
2023-05-16T09:11:55.252Z [Modules] Streaming discord_erlpack@1 to /home/b33nan/.config/discord/0.0.27/modules/pending/discord_erlpack-1.zip: 85%
2023-05-16T09:11:55.252Z [Modules] Streaming discord_erlpack@1 to /home/b33nan/.config/discord/0.0.27/modules/pending/discord_erlpack-1.zip: 92%
2023-05-16T09:11:55.254Z [Modules] Streaming discord_erlpack@1 to /home/b33nan/.config/discord/0.0.27/modules/pending/discord_erlpack-1.zip: 96%
2023-05-16T09:11:55.254Z [Modules] Streaming discord_erlpack@1 to /home/b33nan/.config/discord/0.0.27/modules/pending/discord_erlpack-1.zip: 100%
2023-05-16T09:11:55.256Z [Modules] Fetching discord_spellcheck@1 from https://discord.com/api/modules/stable/discord_spellcheck/1
2023-05-16T09:11:55.256Z [Modules] Streaming discord_spellcheck@1 to /home/b33nan/.config/discord/0.0.27/modules/pending/discord_spellcheck-1.zip
2023-05-16T09:11:55.339Z [Modules] Streaming discord_spellcheck@1 to /home/b33nan/.config/discord/0.0.27/modules/pending/discord_spellcheck-1.zip: 1%
2023-05-16T09:11:55.340Z [Modules] Streaming discord_spellcheck@1 to /home/b33nan/.config/discord/0.0.27/modules/pending/discord_spellcheck-1.zip: 2%
2023-05-16T09:11:55.342Z [Modules] Streaming discord_spellcheck@1 to /home/b33nan/.config/discord/0.0.27/modules/pending/discord_spellcheck-1.zip: 3%
2023-05-16T09:11:55.343Z [Modules] Streaming discord_spellcheck@1 to /home/b33nan/.config/discord/0.0.27/modules/pending/discord_spellcheck-1.zip: 5%
2023-05-16T09:11:55.360Z [Modules] Streaming discord_spellcheck@1 to /home/b33nan/.config/discord/0.0.27/modules/pending/discord_spellcheck-1.zip: 6%
2023-05-16T09:11:55.360Z [Modules] Streaming discord_spellcheck@1 to /home/b33nan/.config/discord/0.0.27/modules/pending/discord_spellcheck-1.zip: 7%
2023-05-16T09:11:55.362Z [Modules] Streaming discord_spellcheck@1 to /home/b33nan/.config/discord/0.0.27/modules/pending/discord_spellcheck-1.zip: 8%
2023-05-16T09:11:55.368Z [Modules] Streaming discord_spellcheck@1 to /home/b33nan/.config/discord/0.0.27/modules/pending/discord_spellcheck-1.zip: 9%
2023-05-16T09:11:55.370Z [Modules] Streaming discord_spellcheck@1 to /home/b33nan/.config/discord/0.0.27/modules/pending/discord_spellcheck-1.zip: 11%
2023-05-16T09:11:55.372Z [Modules] Streaming discord_spellcheck@1 to /home/b33nan/.config/discord/0.0.27/modules/pending/discord_spellcheck-1.zip: 12%
2023-05-16T09:11:55.373Z [Modules] Streaming discord_spellcheck@1 to /home/b33nan/.config/discord/0.0.27/modules/pending/discord_spellcheck-1.zip: 13%
2023-05-16T09:11:55.374Z [Modules] Streaming discord_spellcheck@1 to /home/b33nan/.config/discord/0.0.27/modules/pending/discord_spellcheck-1.zip: 14%
2023-05-16T09:11:55.375Z [Modules] Streaming discord_spellcheck@1 to /home/b33nan/.config/discord/0.0.27/modules/pending/discord_spellcheck-1.zip: 15%
2023-05-16T09:11:55.376Z [Modules] Streaming discord_spellcheck@1 to /home/b33nan/.config/discord/0.0.27/modules/pending/discord_spellcheck-1.zip: 16%
2023-05-16T09:11:55.378Z [Modules] Streaming discord_spellcheck@1 to /home/b33nan/.config/discord/0.0.27/modules/pending/discord_spellcheck-1.zip: 17%
2023-05-16T09:11:55.379Z [Modules] Streaming discord_spellcheck@1 to /home/b33nan/.config/discord/0.0.27/modules/pending/discord_spellcheck-1.zip: 18%
2023-05-16T09:11:55.380Z [Modules] Streaming discord_spellcheck@1 to /home/b33nan/.config/discord/0.0.27/modules/pending/discord_spellcheck-1.zip: 19%
2023-05-16T09:11:55.381Z [Modules] Streaming discord_spellcheck@1 to /home/b33nan/.config/discord/0.0.27/modules/pending/discord_spellcheck-1.zip: 20%
2023-05-16T09:11:55.381Z [Modules] Streaming discord_spellcheck@1 to /home/b33nan/.config/discord/0.0.27/modules/pending/discord_spellcheck-1.zip: 21%
2023-05-16T09:11:55.382Z [Modules] Streaming discord_spellcheck@1 to /home/b33nan/.config/discord/0.0.27/modules/pending/discord_spellcheck-1.zip: 22%
2023-05-16T09:11:55.383Z [Modules] Streaming discord_spellcheck@1 to /home/b33nan/.config/discord/0.0.27/modules/pending/discord_spellcheck-1.zip: 23%
2023-05-16T09:11:55.384Z [Modules] Streaming discord_spellcheck@1 to /home/b33nan/.config/discord/0.0.27/modules/pending/discord_spellcheck-1.zip: 25%
2023-05-16T09:11:55.385Z [Modules] Streaming discord_spellcheck@1 to /home/b33nan/.config/discord/0.0.27/modules/pending/discord_spellcheck-1.zip: 26%
2023-05-16T09:11:55.386Z [Modules] Streaming discord_spellcheck@1 to /home/b33nan/.config/discord/0.0.27/modules/pending/discord_spellcheck-1.zip: 27%
2023-05-16T09:11:55.387Z [Modules] Streaming discord_spellcheck@1 to /home/b33nan/.config/discord/0.0.27/modules/pending/discord_spellcheck-1.zip: 28%
2023-05-16T09:11:55.388Z [Modules] Streaming discord_spellcheck@1 to /home/b33nan/.config/discord/0.0.27/modules/pending/discord_spellcheck-1.zip: 29%
2023-05-16T09:11:55.389Z [Modules] Streaming discord_spellcheck@1 to /home/b33nan/.config/discord/0.0.27/modules/pending/discord_spellcheck-1.zip: 30%
2023-05-16T09:11:55.390Z [Modules] Streaming discord_spellcheck@1 to /home/b33nan/.config/discord/0.0.27/modules/pending/discord_spellcheck-1.zip: 31%
2023-05-16T09:11:55.391Z [Modules] Streaming discord_spellcheck@1 to /home/b33nan/.config/discord/0.0.27/modules/pending/discord_spellcheck-1.zip: 33%
2023-05-16T09:11:55.392Z [Modules] Streaming discord_spellcheck@1 to /home/b33nan/.config/discord/0.0.27/modules/pending/discord_spellcheck-1.zip: 34%
2023-05-16T09:11:55.393Z [Modules] Streaming discord_spellcheck@1 to /home/b33nan/.config/discord/0.0.27/modules/pending/discord_spellcheck-1.zip: 35%
2023-05-16T09:11:55.394Z [Modules] Streaming discord_spellcheck@1 to /home/b33nan/.config/discord/0.0.27/modules/pending/discord_spellcheck-1.zip: 36%
2023-05-16T09:11:55.394Z [Modules] Streaming discord_spellcheck@1 to /home/b33nan/.config/discord/0.0.27/modules/pending/discord_spellcheck-1.zip: 38%
2023-05-16T09:11:55.395Z [Modules] Streaming discord_spellcheck@1 to /home/b33nan/.config/discord/0.0.27/modules/pending/discord_spellcheck-1.zip: 39%
2023-05-16T09:11:55.395Z [Modules] Streaming discord_spellcheck@1 to /home/b33nan/.config/discord/0.0.27/modules/pending/discord_spellcheck-1.zip: 40%
2023-05-16T09:11:55.396Z [Modules] Streaming discord_spellcheck@1 to /home/b33nan/.config/discord/0.0.27/modules/pending/discord_spellcheck-1.zip: 41%
2023-05-16T09:11:55.396Z [Modules] Streaming discord_spellcheck@1 to /home/b33nan/.config/discord/0.0.27/modules/pending/discord_spellcheck-1.zip: 42%
2023-05-16T09:11:55.397Z [Modules] Streaming discord_spellcheck@1 to /home/b33nan/.config/discord/0.0.27/modules/pending/discord_spellcheck-1.zip: 43%
2023-05-16T09:11:55.397Z [Modules] Streaming discord_spellcheck@1 to /home/b33nan/.config/discord/0.0.27/modules/pending/discord_spellcheck-1.zip: 44%
2023-05-16T09:11:55.397Z [Modules] Streaming discord_spellcheck@1 to /home/b33nan/.config/discord/0.0.27/modules/pending/discord_spellcheck-1.zip: 45%
2023-05-16T09:11:55.398Z [Modules] Streaming discord_spellcheck@1 to /home/b33nan/.config/discord/0.0.27/modules/pending/discord_spellcheck-1.zip: 47%
2023-05-16T09:11:55.398Z [Modules] Streaming discord_spellcheck@1 to /home/b33nan/.config/discord/0.0.27/modules/pending/discord_spellcheck-1.zip: 48%
2023-05-16T09:11:55.399Z [Modules] Streaming discord_spellcheck@1 to /home/b33nan/.config/discord/0.0.27/modules/pending/discord_spellcheck-1.zip: 49%
2023-05-16T09:11:55.399Z [Modules] Streaming discord_spellcheck@1 to /home/b33nan/.config/discord/0.0.27/modules/pending/discord_spellcheck-1.zip: 50%
2023-05-16T09:11:55.399Z [Modules] Streaming discord_spellcheck@1 to /home/b33nan/.config/discord/0.0.27/modules/pending/discord_spellcheck-1.zip: 51%
2023-05-16T09:11:55.400Z [Modules] Streaming discord_spellcheck@1 to /home/b33nan/.config/discord/0.0.27/modules/pending/discord_spellcheck-1.zip: 52%
2023-05-16T09:11:55.400Z [Modules] Streaming discord_spellcheck@1 to /home/b33nan/.config/discord/0.0.27/modules/pending/discord_spellcheck-1.zip: 53%
2023-05-16T09:11:55.400Z [Modules] Streaming discord_spellcheck@1 to /home/b33nan/.config/discord/0.0.27/modules/pending/discord_spellcheck-1.zip: 54%
2023-05-16T09:11:55.401Z [Modules] Streaming discord_spellcheck@1 to /home/b33nan/.config/discord/0.0.27/modules/pending/discord_spellcheck-1.zip: 55%
2023-05-16T09:11:55.401Z [Modules] Streaming discord_spellcheck@1 to /home/b33nan/.config/discord/0.0.27/modules/pending/discord_spellcheck-1.zip: 56%
2023-05-16T09:11:55.401Z [Modules] Streaming discord_spellcheck@1 to /home/b33nan/.config/discord/0.0.27/modules/pending/discord_spellcheck-1.zip: 57%
2023-05-16T09:11:55.402Z [Modules] Streaming discord_spellcheck@1 to /home/b33nan/.config/discord/0.0.27/modules/pending/discord_spellcheck-1.zip: 58%
2023-05-16T09:11:55.402Z [Modules] Streaming discord_spellcheck@1 to /home/b33nan/.config/discord/0.0.27/modules/pending/discord_spellcheck-1.zip: 59%
2023-05-16T09:11:55.402Z [Modules] Streaming discord_spellcheck@1 to /home/b33nan/.config/discord/0.0.27/modules/pending/discord_spellcheck-1.zip: 60%
2023-05-16T09:11:55.402Z [Modules] Streaming discord_spellcheck@1 to /home/b33nan/.config/discord/0.0.27/modules/pending/discord_spellcheck-1.zip: 61%
2023-05-16T09:11:55.403Z [Modules] Streaming discord_spellcheck@1 to /home/b33nan/.config/discord/0.0.27/modules/pending/discord_spellcheck-1.zip: 62%
2023-05-16T09:11:55.403Z [Modules] Streaming discord_spellcheck@1 to /home/b33nan/.config/discord/0.0.27/modules/pending/discord_spellcheck-1.zip: 63%
2023-05-16T09:11:55.404Z [Modules] Streaming discord_spellcheck@1 to /home/b33nan/.config/discord/0.0.27/modules/pending/discord_spellcheck-1.zip: 64%
2023-05-16T09:11:55.404Z [Modules] Streaming discord_spellcheck@1 to /home/b33nan/.config/discord/0.0.27/modules/pending/discord_spellcheck-1.zip: 65%
2023-05-16T09:11:55.404Z [Modules] Streaming discord_spellcheck@1 to /home/b33nan/.config/discord/0.0.27/modules/pending/discord_spellcheck-1.zip: 66%
2023-05-16T09:11:55.405Z [Modules] Streaming discord_spellcheck@1 to /home/b33nan/.config/discord/0.0.27/modules/pending/discord_spellcheck-1.zip: 67%
2023-05-16T09:11:55.405Z [Modules] Streaming discord_spellcheck@1 to /home/b33nan/.config/discord/0.0.27/modules/pending/discord_spellcheck-1.zip: 69%
2023-05-16T09:11:55.406Z [Modules] Streaming discord_spellcheck@1 to /home/b33nan/.config/discord/0.0.27/modules/pending/discord_spellcheck-1.zip: 70%
2023-05-16T09:11:55.407Z [Modules] Streaming discord_spellcheck@1 to /home/b33nan/.config/discord/0.0.27/modules/pending/discord_spellcheck-1.zip: 71%
2023-05-16T09:11:55.408Z [Modules] Streaming discord_spellcheck@1 to /home/b33nan/.config/discord/0.0.27/modules/pending/discord_spellcheck-1.zip: 72%
2023-05-16T09:11:55.409Z [Modules] Streaming discord_spellcheck@1 to /home/b33nan/.config/discord/0.0.27/modules/pending/discord_spellcheck-1.zip: 73%
2023-05-16T09:11:55.410Z [Modules] Streaming discord_spellcheck@1 to /home/b33nan/.config/discord/0.0.27/modules/pending/discord_spellcheck-1.zip: 74%
2023-05-16T09:11:55.410Z [Modules] Streaming discord_spellcheck@1 to /home/b33nan/.config/discord/0.0.27/modules/pending/discord_spellcheck-1.zip: 75%
2023-05-16T09:11:55.411Z [Modules] Streaming discord_spellcheck@1 to /home/b33nan/.config/discord/0.0.27/modules/pending/discord_spellcheck-1.zip: 76%
2023-05-16T09:11:55.412Z [Modules] Streaming discord_spellcheck@1 to /home/b33nan/.config/discord/0.0.27/modules/pending/discord_spellcheck-1.zip: 77%
2023-05-16T09:11:55.423Z [Modules] Streaming discord_spellcheck@1 to /home/b33nan/.config/discord/0.0.27/modules/pending/discord_spellcheck-1.zip: 78%
2023-05-16T09:11:55.423Z [Modules] Streaming discord_spellcheck@1 to /home/b33nan/.config/discord/0.0.27/modules/pending/discord_spellcheck-1.zip: 79%
2023-05-16T09:11:55.424Z [Modules] Streaming discord_spellcheck@1 to /home/b33nan/.config/discord/0.0.27/modules/pending/discord_spellcheck-1.zip: 80%
2023-05-16T09:11:55.425Z [Modules] Streaming discord_spellcheck@1 to /home/b33nan/.config/discord/0.0.27/modules/pending/discord_spellcheck-1.zip: 81%
2023-05-16T09:11:55.425Z [Modules] Streaming discord_spellcheck@1 to /home/b33nan/.config/discord/0.0.27/modules/pending/discord_spellcheck-1.zip: 82%
2023-05-16T09:11:55.426Z [Modules] Streaming discord_spellcheck@1 to /home/b33nan/.config/discord/0.0.27/modules/pending/discord_spellcheck-1.zip: 83%
2023-05-16T09:11:55.427Z [Modules] Streaming discord_spellcheck@1 to /home/b33nan/.config/discord/0.0.27/modules/pending/discord_spellcheck-1.zip: 84%
2023-05-16T09:11:55.428Z [Modules] Streaming discord_spellcheck@1 to /home/b33nan/.config/discord/0.0.27/modules/pending/discord_spellcheck-1.zip: 85%
2023-05-16T09:11:55.428Z [Modules] Streaming discord_spellcheck@1 to /home/b33nan/.config/discord/0.0.27/modules/pending/discord_spellcheck-1.zip: 86%
2023-05-16T09:11:55.429Z [Modules] Streaming discord_spellcheck@1 to /home/b33nan/.config/discord/0.0.27/modules/pending/discord_spellcheck-1.zip: 87%
2023-05-16T09:11:55.430Z [Modules] Streaming discord_spellcheck@1 to /home/b33nan/.config/discord/0.0.27/modules/pending/discord_spellcheck-1.zip: 88%
2023-05-16T09:11:55.430Z [Modules] Streaming discord_spellcheck@1 to /home/b33nan/.config/discord/0.0.27/modules/pending/discord_spellcheck-1.zip: 89%
2023-05-16T09:11:55.431Z [Modules] Streaming discord_spellcheck@1 to /home/b33nan/.config/discord/0.0.27/modules/pending/discord_spellcheck-1.zip: 90%
2023-05-16T09:11:55.432Z [Modules] Streaming discord_spellcheck@1 to /home/b33nan/.config/discord/0.0.27/modules/pending/discord_spellcheck-1.zip: 91%
2023-05-16T09:11:55.432Z [Modules] Streaming discord_spellcheck@1 to /home/b33nan/.config/discord/0.0.27/modules/pending/discord_spellcheck-1.zip: 93%
2023-05-16T09:11:55.432Z [Modules] Streaming discord_spellcheck@1 to /home/b33nan/.config/discord/0.0.27/modules/pending/discord_spellcheck-1.zip: 94%
2023-05-16T09:11:55.433Z [Modules] Streaming discord_spellcheck@1 to /home/b33nan/.config/discord/0.0.27/modules/pending/discord_spellcheck-1.zip: 95%
2023-05-16T09:11:55.433Z [Modules] Streaming discord_spellcheck@1 to /home/b33nan/.config/discord/0.0.27/modules/pending/discord_spellcheck-1.zip: 96%
2023-05-16T09:11:55.434Z [Modules] Streaming discord_spellcheck@1 to /home/b33nan/.config/discord/0.0.27/modules/pending/discord_spellcheck-1.zip: 97%
2023-05-16T09:11:55.435Z [Modules] Streaming discord_spellcheck@1 to /home/b33nan/.config/discord/0.0.27/modules/pending/discord_spellcheck-1.zip: 98%
2023-05-16T09:11:55.435Z [Modules] Streaming discord_spellcheck@1 to /home/b33nan/.config/discord/0.0.27/modules/pending/discord_spellcheck-1.zip: 99%
2023-05-16T09:11:55.436Z [Modules] Streaming discord_spellcheck@1 to /home/b33nan/.config/discord/0.0.27/modules/pending/discord_spellcheck-1.zip: 100%
2023-05-16T09:11:55.437Z [Modules] Fetching discord_utils@1 from https://discord.com/api/modules/stable/discord_utils/1
2023-05-16T09:11:55.437Z [Modules] Streaming discord_utils@1 to /home/b33nan/.config/discord/0.0.27/modules/pending/discord_utils-1.zip
2023-05-16T09:11:55.543Z [Modules] Streaming discord_utils@1 to /home/b33nan/.config/discord/0.0.27/modules/pending/discord_utils-1.zip: 59%
2023-05-16T09:11:55.545Z [Modules] Streaming discord_utils@1 to /home/b33nan/.config/discord/0.0.27/modules/pending/discord_utils-1.zip: 68%
2023-05-16T09:11:55.546Z [Modules] Streaming discord_utils@1 to /home/b33nan/.config/discord/0.0.27/modules/pending/discord_utils-1.zip: 69%
2023-05-16T09:11:55.548Z [Modules] Streaming discord_utils@1 to /home/b33nan/.config/discord/0.0.27/modules/pending/discord_utils-1.zip: 73%
2023-05-16T09:11:55.549Z [Modules] Streaming discord_utils@1 to /home/b33nan/.config/discord/0.0.27/modules/pending/discord_utils-1.zip: 77%
2023-05-16T09:11:55.550Z [Modules] Streaming discord_utils@1 to /home/b33nan/.config/discord/0.0.27/modules/pending/discord_utils-1.zip: 79%
2023-05-16T09:11:55.552Z [Modules] Streaming discord_utils@1 to /home/b33nan/.config/discord/0.0.27/modules/pending/discord_utils-1.zip: 82%
2023-05-16T09:11:55.554Z [Modules] Streaming discord_utils@1 to /home/b33nan/.config/discord/0.0.27/modules/pending/discord_utils-1.zip: 88%
2023-05-16T09:11:55.555Z [Modules] Streaming discord_utils@1 to /home/b33nan/.config/discord/0.0.27/modules/pending/discord_utils-1.zip: 92%
2023-05-16T09:11:55.557Z [Modules] Streaming discord_utils@1 to /home/b33nan/.config/discord/0.0.27/modules/pending/discord_utils-1.zip: 97%
2023-05-16T09:11:55.558Z [Modules] Streaming discord_utils@1 to /home/b33nan/.config/discord/0.0.27/modules/pending/discord_utils-1.zip: 99%
2023-05-16T09:11:55.560Z [Modules] Streaming discord_utils@1 to /home/b33nan/.config/discord/0.0.27/modules/pending/discord_utils-1.zip: 100%
2023-05-16T09:11:55.564Z [Modules] Fetching discord_voice@1 from https://discord.com/api/modules/stable/discord_voice/1
2023-05-16T09:11:55.565Z [Modules] Streaming discord_voice@1 to /home/b33nan/.config/discord/0.0.27/modules/pending/discord_voice-1.zip
2023-05-16T09:11:55.674Z [Modules] Streaming discord_voice@1 to /home/b33nan/.config/discord/0.0.27/modules/pending/discord_voice-1.zip: 10%
2023-05-16T09:11:55.684Z [Modules] Streaming discord_voice@1 to /home/b33nan/.config/discord/0.0.27/modules/pending/discord_voice-1.zip: 11%
2023-05-16T09:11:55.687Z [Modules] Streaming discord_voice@1 to /home/b33nan/.config/discord/0.0.27/modules/pending/discord_voice-1.zip: 17%
2023-05-16T09:11:55.689Z [Modules] Streaming discord_voice@1 to /home/b33nan/.config/discord/0.0.27/modules/pending/discord_voice-1.zip: 18%
2023-05-16T09:11:55.690Z [Modules] Streaming discord_voice@1 to /home/b33nan/.config/discord/0.0.27/modules/pending/discord_voice-1.zip: 19%
2023-05-16T09:11:55.691Z [Modules] Streaming discord_voice@1 to /home/b33nan/.config/discord/0.0.27/modules/pending/discord_voice-1.zip: 20%
2023-05-16T09:11:55.693Z [Modules] Streaming discord_voice@1 to /home/b33nan/.config/discord/0.0.27/modules/pending/discord_voice-1.zip: 21%
2023-05-16T09:11:55.694Z [Modules] Streaming discord_voice@1 to /home/b33nan/.config/discord/0.0.27/modules/pending/discord_voice-1.zip: 22%
2023-05-16T09:11:55.696Z [Modules] Streaming discord_voice@1 to /home/b33nan/.config/discord/0.0.27/modules/pending/discord_voice-1.zip: 23%
2023-05-16T09:11:55.697Z [Modules] Streaming discord_voice@1 to /home/b33nan/.config/discord/0.0.27/modules/pending/discord_voice-1.zip: 24%
2023-05-16T09:11:55.698Z [Modules] Streaming discord_voice@1 to /home/b33nan/.config/discord/0.0.27/modules/pending/discord_voice-1.zip: 25%
2023-05-16T09:11:55.699Z [Modules] Streaming discord_voice@1 to /home/b33nan/.config/discord/0.0.27/modules/pending/discord_voice-1.zip: 26%
2023-05-16T09:11:55.701Z [Modules] Streaming discord_voice@1 to /home/b33nan/.config/discord/0.0.27/modules/pending/discord_voice-1.zip: 27%
2023-05-16T09:11:55.702Z [Modules] Streaming discord_voice@1 to /home/b33nan/.config/discord/0.0.27/modules/pending/discord_voice-1.zip: 28%
2023-05-16T09:11:55.702Z [Modules] Streaming discord_voice@1 to /home/b33nan/.config/discord/0.0.27/modules/pending/discord_voice-1.zip: 29%
2023-05-16T09:11:55.703Z [Modules] Streaming discord_voice@1 to /home/b33nan/.config/discord/0.0.27/modules/pending/discord_voice-1.zip: 30%
2023-05-16T09:11:55.704Z [Modules] Streaming discord_voice@1 to /home/b33nan/.config/discord/0.0.27/modules/pending/discord_voice-1.zip: 31%
2023-05-16T09:11:55.705Z [Modules] Streaming discord_voice@1 to /home/b33nan/.config/discord/0.0.27/modules/pending/discord_voice-1.zip: 32%
2023-05-16T09:11:55.706Z [Modules] Streaming discord_voice@1 to /home/b33nan/.config/discord/0.0.27/modules/pending/discord_voice-1.zip: 33%
2023-05-16T09:11:55.707Z [Modules] Streaming discord_voice@1 to /home/b33nan/.config/discord/0.0.27/modules/pending/discord_voice-1.zip: 34%
2023-05-16T09:11:55.707Z [Modules] Streaming discord_voice@1 to /home/b33nan/.config/discord/0.0.27/modules/pending/discord_voice-1.zip: 35%
2023-05-16T09:11:55.708Z [Modules] Streaming discord_voice@1 to /home/b33nan/.config/discord/0.0.27/modules/pending/discord_voice-1.zip: 36%
2023-05-16T09:11:55.709Z [Modules] Streaming discord_voice@1 to /home/b33nan/.config/discord/0.0.27/modules/pending/discord_voice-1.zip: 37%
2023-05-16T09:11:55.709Z [Modules] Streaming discord_voice@1 to /home/b33nan/.config/discord/0.0.27/modules/pending/discord_voice-1.zip: 38%
2023-05-16T09:11:55.710Z [Modules] Streaming discord_voice@1 to /home/b33nan/.config/discord/0.0.27/modules/pending/discord_voice-1.zip: 39%
2023-05-16T09:11:55.715Z [Modules] Streaming discord_voice@1 to /home/b33nan/.config/discord/0.0.27/modules/pending/discord_voice-1.zip: 40%
2023-05-16T09:11:55.717Z [Modules] Streaming discord_voice@1 to /home/b33nan/.config/discord/0.0.27/modules/pending/discord_voice-1.zip: 41%
2023-05-16T09:11:55.719Z [Modules] Streaming discord_voice@1 to /home/b33nan/.config/discord/0.0.27/modules/pending/discord_voice-1.zip: 42%
2023-05-16T09:11:55.721Z [Modules] Streaming discord_voice@1 to /home/b33nan/.config/discord/0.0.27/modules/pending/discord_voice-1.zip: 43%
2023-05-16T09:11:55.721Z [Modules] Streaming discord_voice@1 to /home/b33nan/.config/discord/0.0.27/modules/pending/discord_voice-1.zip: 44%
2023-05-16T09:11:55.723Z [Modules] Streaming discord_voice@1 to /home/b33nan/.config/discord/0.0.27/modules/pending/discord_voice-1.zip: 45%
2023-05-16T09:11:55.725Z [Modules] Streaming discord_voice@1 to /home/b33nan/.config/discord/0.0.27/modules/pending/discord_voice-1.zip: 46%
2023-05-16T09:11:55.728Z [Modules] Streaming discord_voice@1 to /home/b33nan/.config/discord/0.0.27/modules/pending/discord_voice-1.zip: 47%
2023-05-16T09:11:55.730Z [Modules] Streaming discord_voice@1 to /home/b33nan/.config/discord/0.0.27/modules/pending/discord_voice-1.zip: 48%
2023-05-16T09:11:55.732Z [Modules] Streaming discord_voice@1 to /home/b33nan/.config/discord/0.0.27/modules/pending/discord_voice-1.zip: 49%
2023-05-16T09:11:55.733Z [Modules] Streaming discord_voice@1 to /home/b33nan/.config/discord/0.0.27/modules/pending/discord_voice-1.zip: 50%
2023-05-16T09:11:55.734Z [Modules] Streaming discord_voice@1 to /home/b33nan/.config/discord/0.0.27/modules/pending/discord_voice-1.zip: 51%
2023-05-16T09:11:55.738Z [Modules] Streaming discord_voice@1 to /home/b33nan/.config/discord/0.0.27/modules/pending/discord_voice-1.zip: 52%
2023-05-16T09:11:55.739Z [Modules] Streaming discord_voice@1 to /home/b33nan/.config/discord/0.0.27/modules/pending/discord_voice-1.zip: 53%
2023-05-16T09:11:55.740Z [Modules] Streaming discord_voice@1 to /home/b33nan/.config/discord/0.0.27/modules/pending/discord_voice-1.zip: 54%
2023-05-16T09:11:55.742Z [Modules] Streaming discord_voice@1 to /home/b33nan/.config/discord/0.0.27/modules/pending/discord_voice-1.zip: 55%
2023-05-16T09:11:55.745Z [Modules] Streaming discord_voice@1 to /home/b33nan/.config/discord/0.0.27/modules/pending/discord_voice-1.zip: 56%
2023-05-16T09:11:55.746Z [Modules] Streaming discord_voice@1 to /home/b33nan/.config/discord/0.0.27/modules/pending/discord_voice-1.zip: 57%
2023-05-16T09:11:55.747Z [Modules] Streaming discord_voice@1 to /home/b33nan/.config/discord/0.0.27/modules/pending/discord_voice-1.zip: 58%
2023-05-16T09:11:55.747Z [Modules] Streaming discord_voice@1 to /home/b33nan/.config/discord/0.0.27/modules/pending/discord_voice-1.zip: 59%
2023-05-16T09:11:55.750Z [Modules] Streaming discord_voice@1 to /home/b33nan/.config/discord/0.0.27/modules/pending/discord_voice-1.zip: 60%
2023-05-16T09:11:55.752Z [Modules] Streaming discord_voice@1 to /home/b33nan/.config/discord/0.0.27/modules/pending/discord_voice-1.zip: 61%
2023-05-16T09:11:55.754Z [Modules] Streaming discord_voice@1 to /home/b33nan/.config/discord/0.0.27/modules/pending/discord_voice-1.zip: 62%
2023-05-16T09:11:55.755Z [Modules] Streaming discord_voice@1 to /home/b33nan/.config/discord/0.0.27/modules/pending/discord_voice-1.zip: 63%
2023-05-16T09:11:55.757Z [Modules] Streaming discord_voice@1 to /home/b33nan/.config/discord/0.0.27/modules/pending/discord_voice-1.zip: 64%
2023-05-16T09:11:55.758Z [Modules] Streaming discord_voice@1 to /home/b33nan/.config/discord/0.0.27/modules/pending/discord_voice-1.zip: 65%
2023-05-16T09:11:55.759Z [Modules] Streaming discord_voice@1 to /home/b33nan/.config/discord/0.0.27/modules/pending/discord_voice-1.zip: 66%
2023-05-16T09:11:55.761Z [Modules] Streaming discord_voice@1 to /home/b33nan/.config/discord/0.0.27/modules/pending/discord_voice-1.zip: 67%
2023-05-16T09:11:55.763Z [Modules] Streaming discord_voice@1 to /home/b33nan/.config/discord/0.0.27/modules/pending/discord_voice-1.zip: 68%
2023-05-16T09:11:55.764Z [Modules] Streaming discord_voice@1 to /home/b33nan/.config/discord/0.0.27/modules/pending/discord_voice-1.zip: 69%
2023-05-16T09:11:55.767Z [Modules] Streaming discord_voice@1 to /home/b33nan/.config/discord/0.0.27/modules/pending/discord_voice-1.zip: 70%
2023-05-16T09:11:55.769Z [Modules] Streaming discord_voice@1 to /home/b33nan/.config/discord/0.0.27/modules/pending/discord_voice-1.zip: 71%
2023-05-16T09:11:55.770Z [Modules] Streaming discord_voice@1 to /home/b33nan/.config/discord/0.0.27/modules/pending/discord_voice-1.zip: 72%
2023-05-16T09:11:55.772Z [Modules] Streaming discord_voice@1 to /home/b33nan/.config/discord/0.0.27/modules/pending/discord_voice-1.zip: 73%
2023-05-16T09:11:55.774Z [Modules] Streaming discord_voice@1 to /home/b33nan/.config/discord/0.0.27/modules/pending/discord_voice-1.zip: 74%
2023-05-16T09:11:55.775Z [Modules] Streaming discord_voice@1 to /home/b33nan/.config/discord/0.0.27/modules/pending/discord_voice-1.zip: 75%
2023-05-16T09:11:55.778Z [Modules] Streaming discord_voice@1 to /home/b33nan/.config/discord/0.0.27/modules/pending/discord_voice-1.zip: 76%
2023-05-16T09:11:55.779Z [Modules] Streaming discord_voice@1 to /home/b33nan/.config/discord/0.0.27/modules/pending/discord_voice-1.zip: 77%
2023-05-16T09:11:55.782Z [Modules] Streaming discord_voice@1 to /home/b33nan/.config/discord/0.0.27/modules/pending/discord_voice-1.zip: 78%
2023-05-16T09:11:55.783Z [Modules] Streaming discord_voice@1 to /home/b33nan/.config/discord/0.0.27/modules/pending/discord_voice-1.zip: 79%
2023-05-16T09:11:55.785Z [Modules] Streaming discord_voice@1 to /home/b33nan/.config/discord/0.0.27/modules/pending/discord_voice-1.zip: 80%
2023-05-16T09:11:55.787Z [Modules] Streaming discord_voice@1 to /home/b33nan/.config/discord/0.0.27/modules/pending/discord_voice-1.zip: 81%
2023-05-16T09:11:55.790Z [Modules] Streaming discord_voice@1 to /home/b33nan/.config/discord/0.0.27/modules/pending/discord_voice-1.zip: 82%
2023-05-16T09:11:55.792Z [Modules] Streaming discord_voice@1 to /home/b33nan/.config/discord/0.0.27/modules/pending/discord_voice-1.zip: 83%
2023-05-16T09:11:55.792Z [Modules] Streaming discord_voice@1 to /home/b33nan/.config/discord/0.0.27/modules/pending/discord_voice-1.zip: 84%
2023-05-16T09:11:55.794Z [Modules] Streaming discord_voice@1 to /home/b33nan/.config/discord/0.0.27/modules/pending/discord_voice-1.zip: 85%
2023-05-16T09:11:55.796Z [Modules] Streaming discord_voice@1 to /home/b33nan/.config/discord/0.0.27/modules/pending/discord_voice-1.zip: 86%
2023-05-16T09:11:55.797Z [Modules] Streaming discord_voice@1 to /home/b33nan/.config/discord/0.0.27/modules/pending/discord_voice-1.zip: 87%
2023-05-16T09:11:55.800Z [Modules] Streaming discord_voice@1 to /home/b33nan/.config/discord/0.0.27/modules/pending/discord_voice-1.zip: 88%
2023-05-16T09:11:55.802Z [Modules] Streaming discord_voice@1 to /home/b33nan/.config/discord/0.0.27/modules/pending/discord_voice-1.zip: 89%
2023-05-16T09:11:55.804Z [Modules] Streaming discord_voice@1 to /home/b33nan/.config/discord/0.0.27/modules/pending/discord_voice-1.zip: 90%
2023-05-16T09:11:55.805Z [Modules] Streaming discord_voice@1 to /home/b33nan/.config/discord/0.0.27/modules/pending/discord_voice-1.zip: 91%
2023-05-16T09:11:55.806Z [Modules] Streaming discord_voice@1 to /home/b33nan/.config/discord/0.0.27/modules/pending/discord_voice-1.zip: 92%
2023-05-16T09:11:55.808Z [Modules] Streaming discord_voice@1 to /home/b33nan/.config/discord/0.0.27/modules/pending/discord_voice-1.zip: 93%
2023-05-16T09:11:55.809Z [Modules] Streaming discord_voice@1 to /home/b33nan/.config/discord/0.0.27/modules/pending/discord_voice-1.zip: 94%
2023-05-16T09:11:55.810Z [Modules] Streaming discord_voice@1 to /home/b33nan/.config/discord/0.0.27/modules/pending/discord_voice-1.zip: 95%
2023-05-16T09:11:55.811Z [Modules] Streaming discord_voice@1 to /home/b33nan/.config/discord/0.0.27/modules/pending/discord_voice-1.zip: 96%
2023-05-16T09:11:55.812Z [Modules] Streaming discord_voice@1 to /home/b33nan/.config/discord/0.0.27/modules/pending/discord_voice-1.zip: 97%
2023-05-16T09:11:55.814Z [Modules] Streaming discord_voice@1 to /home/b33nan/.config/discord/0.0.27/modules/pending/discord_voice-1.zip: 98%
2023-05-16T09:11:55.815Z [Modules] Streaming discord_voice@1 to /home/b33nan/.config/discord/0.0.27/modules/pending/discord_voice-1.zip: 99%
2023-05-16T09:11:55.818Z [Modules] Streaming discord_voice@1 to /home/b33nan/.config/discord/0.0.27/modules/pending/discord_voice-1.zip: 100%
2023-05-16T09:11:55.818Z [Modules] Finished module downloads. [success: 5] [failure: 0]
2023-05-16T09:11:55.819Z [Modules] Installing updates...
2023-05-16T09:11:55.819Z [Modules] Installing discord_desktop_core@1 from /home/b33nan/.config/discord/0.0.27/modules/pending/discord_desktop_core-1.zip
2023-05-16T09:11:55.885Z [Modules] Installing discord_erlpack@1 from /home/b33nan/.config/discord/0.0.27/modules/pending/discord_erlpack-1.zip
2023-05-16T09:11:55.951Z [Modules] Installing discord_spellcheck@1 from /home/b33nan/.config/discord/0.0.27/modules/pending/discord_spellcheck-1.zip
2023-05-16T09:11:56.583Z [Modules] Installing discord_utils@1 from /home/b33nan/.config/discord/0.0.27/modules/pending/discord_utils-1.zip
2023-05-16T09:11:56.929Z [Modules] Installing discord_voice@1 from /home/b33nan/.config/discord/0.0.27/modules/pending/discord_voice-1.zip
2023-05-16T09:11:57.671Z [Modules] Finished module installations. [success: 5] [failure: 0]
2023-05-16T09:11:57.671Z [Modules] Checking for host updates.
2023-05-16T09:11:57.736Z [Modules] Host is up to date.
2023-05-16T09:11:57.736Z [Modules] Checking for module updates at https://discord.com/api/modules/stable/versions.json
2023-05-16T09:11:57.745Z [Modules] No module updates available.
2023-05-16T09:11:59.097Z [Modules] Starting to install discord_krisp...
2023-05-16T09:11:59.097Z [Modules] Fetching discord_krisp@1 from https://discord.com/api/modules/stable/discord_krisp/1
2023-05-16T09:11:59.097Z [Modules] Streaming discord_krisp@1 to /home/b33nan/.config/discord/0.0.27/modules/pending/discord_krisp-1.zip
2023-05-16T09:11:59.167Z [Modules] Streaming discord_krisp@1 to /home/b33nan/.config/discord/0.0.27/modules/pending/discord_krisp-1.zip: 1%
2023-05-16T09:11:59.170Z [Modules] Streaming discord_krisp@1 to /home/b33nan/.config/discord/0.0.27/modules/pending/discord_krisp-1.zip: 2%
2023-05-16T09:11:59.172Z [Modules] Streaming discord_krisp@1 to /home/b33nan/.config/discord/0.0.27/modules/pending/discord_krisp-1.zip: 3%
2023-05-16T09:11:59.174Z [Modules] Streaming discord_krisp@1 to /home/b33nan/.config/discord/0.0.27/modules/pending/discord_krisp-1.zip: 4%
2023-05-16T09:11:59.176Z [Modules] Streaming discord_krisp@1 to /home/b33nan/.config/discord/0.0.27/modules/pending/discord_krisp-1.zip: 5%
2023-05-16T09:11:59.178Z [Modules] Streaming discord_krisp@1 to /home/b33nan/.config/discord/0.0.27/modules/pending/discord_krisp-1.zip: 6%
2023-05-16T09:11:59.180Z [Modules] Streaming discord_krisp@1 to /home/b33nan/.config/discord/0.0.27/modules/pending/discord_krisp-1.zip: 7%
2023-05-16T09:11:59.182Z [Modules] Streaming discord_krisp@1 to /home/b33nan/.config/discord/0.0.27/modules/pending/discord_krisp-1.zip: 8%
2023-05-16T09:11:59.194Z [Modules] Streaming discord_krisp@1 to /home/b33nan/.config/discord/0.0.27/modules/pending/discord_krisp-1.zip: 9%
2023-05-16T09:11:59.195Z [Modules] Streaming discord_krisp@1 to /home/b33nan/.config/discord/0.0.27/modules/pending/discord_krisp-1.zip: 10%
2023-05-16T09:11:59.197Z [Modules] Streaming discord_krisp@1 to /home/b33nan/.config/discord/0.0.27/modules/pending/discord_krisp-1.zip: 11%
2023-05-16T09:11:59.198Z [Modules] Streaming discord_krisp@1 to /home/b33nan/.config/discord/0.0.27/modules/pending/discord_krisp-1.zip: 12%
2023-05-16T09:11:59.210Z [Modules] Streaming discord_krisp@1 to /home/b33nan/.config/discord/0.0.27/modules/pending/discord_krisp-1.zip: 13%
2023-05-16T09:11:59.211Z [Modules] Streaming discord_krisp@1 to /home/b33nan/.config/discord/0.0.27/modules/pending/discord_krisp-1.zip: 14%
2023-05-16T09:11:59.212Z [Modules] Streaming discord_krisp@1 to /home/b33nan/.config/discord/0.0.27/modules/pending/discord_krisp-1.zip: 15%
2023-05-16T09:11:59.213Z [Modules] Streaming discord_krisp@1 to /home/b33nan/.config/discord/0.0.27/modules/pending/discord_krisp-1.zip: 16%
2023-05-16T09:11:59.214Z [Modules] Streaming discord_krisp@1 to /home/b33nan/.config/discord/0.0.27/modules/pending/discord_krisp-1.zip: 17%
2023-05-16T09:11:59.215Z [Modules] Streaming discord_krisp@1 to /home/b33nan/.config/discord/0.0.27/modules/pending/discord_krisp-1.zip: 18%
2023-05-16T09:11:59.216Z [Modules] Streaming discord_krisp@1 to /home/b33nan/.config/discord/0.0.27/modules/pending/discord_krisp-1.zip: 19%
2023-05-16T09:11:59.217Z [Modules] Streaming discord_krisp@1 to /home/b33nan/.config/discord/0.0.27/modules/pending/discord_krisp-1.zip: 20%
2023-05-16T09:11:59.217Z [Modules] Streaming discord_krisp@1 to /home/b33nan/.config/discord/0.0.27/modules/pending/discord_krisp-1.zip: 21%
2023-05-16T09:11:59.218Z [Modules] Streaming discord_krisp@1 to /home/b33nan/.config/discord/0.0.27/modules/pending/discord_krisp-1.zip: 22%
2023-05-16T09:11:59.218Z [Modules] Streaming discord_krisp@1 to /home/b33nan/.config/discord/0.0.27/modules/pending/discord_krisp-1.zip: 23%
2023-05-16T09:11:59.221Z [Modules] Streaming discord_krisp@1 to /home/b33nan/.config/discord/0.0.27/modules/pending/discord_krisp-1.zip: 24%
2023-05-16T09:11:59.221Z [Modules] Streaming discord_krisp@1 to /home/b33nan/.config/discord/0.0.27/modules/pending/discord_krisp-1.zip: 25%
2023-05-16T09:11:59.222Z [Modules] Streaming discord_krisp@1 to /home/b33nan/.config/discord/0.0.27/modules/pending/discord_krisp-1.zip: 26%
2023-05-16T09:11:59.223Z [Modules] Streaming discord_krisp@1 to /home/b33nan/.config/discord/0.0.27/modules/pending/discord_krisp-1.zip: 27%
2023-05-16T09:11:59.225Z [Modules] Streaming discord_krisp@1 to /home/b33nan/.config/discord/0.0.27/modules/pending/discord_krisp-1.zip: 28%
2023-05-16T09:11:59.227Z [Modules] Streaming discord_krisp@1 to /home/b33nan/.config/discord/0.0.27/modules/pending/discord_krisp-1.zip: 29%
2023-05-16T09:11:59.229Z [Modules] Streaming discord_krisp@1 to /home/b33nan/.config/discord/0.0.27/modules/pending/discord_krisp-1.zip: 30%
2023-05-16T09:11:59.231Z [Modules] Streaming discord_krisp@1 to /home/b33nan/.config/discord/0.0.27/modules/pending/discord_krisp-1.zip: 31%
2023-05-16T09:11:59.242Z [Modules] Streaming discord_krisp@1 to /home/b33nan/.config/discord/0.0.27/modules/pending/discord_krisp-1.zip: 32%
2023-05-16T09:11:59.243Z [Modules] Streaming discord_krisp@1 to /home/b33nan/.config/discord/0.0.27/modules/pending/discord_krisp-1.zip: 33%
2023-05-16T09:11:59.245Z [Modules] Streaming discord_krisp@1 to /home/b33nan/.config/discord/0.0.27/modules/pending/discord_krisp-1.zip: 34%
2023-05-16T09:11:59.248Z [Modules] Streaming discord_krisp@1 to /home/b33nan/.config/discord/0.0.27/modules/pending/discord_krisp-1.zip: 35%
2023-05-16T09:11:59.251Z [Modules] Streaming discord_krisp@1 to /home/b33nan/.config/discord/0.0.27/modules/pending/discord_krisp-1.zip: 36%
2023-05-16T09:11:59.251Z [Modules] Streaming discord_krisp@1 to /home/b33nan/.config/discord/0.0.27/modules/pending/discord_krisp-1.zip: 37%
2023-05-16T09:11:59.252Z [Modules] Streaming discord_krisp@1 to /home/b33nan/.config/discord/0.0.27/modules/pending/discord_krisp-1.zip: 38%
2023-05-16T09:11:59.255Z [Modules] Streaming discord_krisp@1 to /home/b33nan/.config/discord/0.0.27/modules/pending/discord_krisp-1.zip: 39%
2023-05-16T09:11:59.256Z [Modules] Streaming discord_krisp@1 to /home/b33nan/.config/discord/0.0.27/modules/pending/discord_krisp-1.zip: 40%
2023-05-16T09:11:59.271Z [Modules] Streaming discord_krisp@1 to /home/b33nan/.config/discord/0.0.27/modules/pending/discord_krisp-1.zip: 41%
2023-05-16T09:11:59.274Z [Modules] Streaming discord_krisp@1 to /home/b33nan/.config/discord/0.0.27/modules/pending/discord_krisp-1.zip: 42%
2023-05-16T09:11:59.274Z [Modules] Starting to install discord_game_utils...
2023-05-16T09:11:59.275Z [Modules] Streaming discord_krisp@1 to /home/b33nan/.config/discord/0.0.27/modules/pending/discord_krisp-1.zip: 43%
2023-05-16T09:11:59.275Z [Modules] Streaming discord_krisp@1 to /home/b33nan/.config/discord/0.0.27/modules/pending/discord_krisp-1.zip: 44%
2023-05-16T09:11:59.276Z [Modules] Streaming discord_krisp@1 to /home/b33nan/.config/discord/0.0.27/modules/pending/discord_krisp-1.zip: 45%
2023-05-16T09:11:59.278Z [Modules] Streaming discord_krisp@1 to /home/b33nan/.config/discord/0.0.27/modules/pending/discord_krisp-1.zip: 46%
2023-05-16T09:11:59.279Z [Modules] Streaming discord_krisp@1 to /home/b33nan/.config/discord/0.0.27/modules/pending/discord_krisp-1.zip: 47%
2023-05-16T09:11:59.279Z [Modules] Streaming discord_krisp@1 to /home/b33nan/.config/discord/0.0.27/modules/pending/discord_krisp-1.zip: 48%
2023-05-16T09:11:59.280Z [Modules] Streaming discord_krisp@1 to /home/b33nan/.config/discord/0.0.27/modules/pending/discord_krisp-1.zip: 49%
2023-05-16T09:11:59.281Z [Modules] Streaming discord_krisp@1 to /home/b33nan/.config/discord/0.0.27/modules/pending/discord_krisp-1.zip: 50%
2023-05-16T09:11:59.282Z [Modules] Streaming discord_krisp@1 to /home/b33nan/.config/discord/0.0.27/modules/pending/discord_krisp-1.zip: 51%
2023-05-16T09:11:59.283Z [Modules] Streaming discord_krisp@1 to /home/b33nan/.config/discord/0.0.27/modules/pending/discord_krisp-1.zip: 52%
2023-05-16T09:11:59.283Z [Modules] Streaming discord_krisp@1 to /home/b33nan/.config/discord/0.0.27/modules/pending/discord_krisp-1.zip: 53%
2023-05-16T09:11:59.284Z [Modules] Streaming discord_krisp@1 to /home/b33nan/.config/discord/0.0.27/modules/pending/discord_krisp-1.zip: 54%
2023-05-16T09:11:59.285Z [Modules] Streaming discord_krisp@1 to /home/b33nan/.config/discord/0.0.27/modules/pending/discord_krisp-1.zip: 55%
2023-05-16T09:11:59.287Z [Modules] Streaming discord_krisp@1 to /home/b33nan/.config/discord/0.0.27/modules/pending/discord_krisp-1.zip: 56%
2023-05-16T09:11:59.289Z [Modules] Streaming discord_krisp@1 to /home/b33nan/.config/discord/0.0.27/modules/pending/discord_krisp-1.zip: 57%
2023-05-16T09:11:59.300Z [Modules] Streaming discord_krisp@1 to /home/b33nan/.config/discord/0.0.27/modules/pending/discord_krisp-1.zip: 58%
2023-05-16T09:11:59.301Z [Modules] Streaming discord_krisp@1 to /home/b33nan/.config/discord/0.0.27/modules/pending/discord_krisp-1.zip: 59%
2023-05-16T09:11:59.301Z [Modules] Streaming discord_krisp@1 to /home/b33nan/.config/discord/0.0.27/modules/pending/discord_krisp-1.zip: 60%
2023-05-16T09:11:59.302Z [Modules] Streaming discord_krisp@1 to /home/b33nan/.config/discord/0.0.27/modules/pending/discord_krisp-1.zip: 61%
2023-05-16T09:11:59.306Z [Modules] Streaming discord_krisp@1 to /home/b33nan/.config/discord/0.0.27/modules/pending/discord_krisp-1.zip: 62%
2023-05-16T09:11:59.309Z [Modules] Streaming discord_krisp@1 to /home/b33nan/.config/discord/0.0.27/modules/pending/discord_krisp-1.zip: 63%
2023-05-16T09:11:59.312Z [Modules] Streaming discord_krisp@1 to /home/b33nan/.config/discord/0.0.27/modules/pending/discord_krisp-1.zip: 64%
2023-05-16T09:11:59.313Z [Modules] Streaming discord_krisp@1 to /home/b33nan/.config/discord/0.0.27/modules/pending/discord_krisp-1.zip: 65%
2023-05-16T09:11:59.313Z [Modules] Streaming discord_krisp@1 to /home/b33nan/.config/discord/0.0.27/modules/pending/discord_krisp-1.zip: 66%
2023-05-16T09:11:59.320Z [Modules] Streaming discord_krisp@1 to /home/b33nan/.config/discord/0.0.27/modules/pending/discord_krisp-1.zip: 67%
2023-05-16T09:11:59.322Z [Modules] Streaming discord_krisp@1 to /home/b33nan/.config/discord/0.0.27/modules/pending/discord_krisp-1.zip: 68%
2023-05-16T09:11:59.323Z [Modules] Streaming discord_krisp@1 to /home/b33nan/.config/discord/0.0.27/modules/pending/discord_krisp-1.zip: 69%
2023-05-16T09:11:59.326Z [Modules] Streaming discord_krisp@1 to /home/b33nan/.config/discord/0.0.27/modules/pending/discord_krisp-1.zip: 70%
2023-05-16T09:11:59.327Z [Modules] Streaming discord_krisp@1 to /home/b33nan/.config/discord/0.0.27/modules/pending/discord_krisp-1.zip: 71%
2023-05-16T09:11:59.329Z [Modules] Streaming discord_krisp@1 to /home/b33nan/.config/discord/0.0.27/modules/pending/discord_krisp-1.zip: 72%
2023-05-16T09:11:59.334Z [Modules] Streaming discord_krisp@1 to /home/b33nan/.config/discord/0.0.27/modules/pending/discord_krisp-1.zip: 74%
2023-05-16T09:11:59.335Z [Modules] Streaming discord_krisp@1 to /home/b33nan/.config/discord/0.0.27/modules/pending/discord_krisp-1.zip: 75%
2023-05-16T09:11:59.343Z [Modules] Streaming discord_krisp@1 to /home/b33nan/.config/discord/0.0.27/modules/pending/discord_krisp-1.zip: 76%
2023-05-16T09:11:59.345Z [Modules] Streaming discord_krisp@1 to /home/b33nan/.config/discord/0.0.27/modules/pending/discord_krisp-1.zip: 77%
2023-05-16T09:11:59.349Z [Modules] Streaming discord_krisp@1 to /home/b33nan/.config/discord/0.0.27/modules/pending/discord_krisp-1.zip: 78%
2023-05-16T09:11:59.350Z [Modules] Streaming discord_krisp@1 to /home/b33nan/.config/discord/0.0.27/modules/pending/discord_krisp-1.zip: 79%
2023-05-16T09:11:59.351Z [Modules] Streaming discord_krisp@1 to /home/b33nan/.config/discord/0.0.27/modules/pending/discord_krisp-1.zip: 80%
2023-05-16T09:11:59.351Z [Modules] Streaming discord_krisp@1 to /home/b33nan/.config/discord/0.0.27/modules/pending/discord_krisp-1.zip: 81%
2023-05-16T09:11:59.352Z [Modules] Streaming discord_krisp@1 to /home/b33nan/.config/discord/0.0.27/modules/pending/discord_krisp-1.zip: 82%
2023-05-16T09:11:59.353Z [Modules] Streaming discord_krisp@1 to /home/b33nan/.config/discord/0.0.27/modules/pending/discord_krisp-1.zip: 83%
2023-05-16T09:11:59.354Z [Modules] Streaming discord_krisp@1 to /home/b33nan/.config/discord/0.0.27/modules/pending/discord_krisp-1.zip: 84%
2023-05-16T09:11:59.354Z [Modules] Streaming discord_krisp@1 to /home/b33nan/.config/discord/0.0.27/modules/pending/discord_krisp-1.zip: 85%
2023-05-16T09:11:59.355Z [Modules] Streaming discord_krisp@1 to /home/b33nan/.config/discord/0.0.27/modules/pending/discord_krisp-1.zip: 86%
2023-05-16T09:11:59.356Z [Modules] Streaming discord_krisp@1 to /home/b33nan/.config/discord/0.0.27/modules/pending/discord_krisp-1.zip: 87%
2023-05-16T09:11:59.357Z [Modules] Streaming discord_krisp@1 to /home/b33nan/.config/discord/0.0.27/modules/pending/discord_krisp-1.zip: 88%
2023-05-16T09:11:59.359Z [Modules] Streaming discord_krisp@1 to /home/b33nan/.config/discord/0.0.27/modules/pending/discord_krisp-1.zip: 89%
2023-05-16T09:11:59.362Z [Modules] Streaming discord_krisp@1 to /home/b33nan/.config/discord/0.0.27/modules/pending/discord_krisp-1.zip: 90%
2023-05-16T09:11:59.364Z [Modules] Streaming discord_krisp@1 to /home/b33nan/.config/discord/0.0.27/modules/pending/discord_krisp-1.zip: 91%
2023-05-16T09:11:59.368Z [Modules] Streaming discord_krisp@1 to /home/b33nan/.config/discord/0.0.27/modules/pending/discord_krisp-1.zip: 92%
2023-05-16T09:11:59.369Z [Modules] Streaming discord_krisp@1 to /home/b33nan/.config/discord/0.0.27/modules/pending/discord_krisp-1.zip: 93%
2023-05-16T09:11:59.371Z [Modules] Streaming discord_krisp@1 to /home/b33nan/.config/discord/0.0.27/modules/pending/discord_krisp-1.zip: 94%
2023-05-16T09:11:59.373Z [Modules] Streaming discord_krisp@1 to /home/b33nan/.config/discord/0.0.27/modules/pending/discord_krisp-1.zip: 95%
2023-05-16T09:11:59.375Z [Modules] Streaming discord_krisp@1 to /home/b33nan/.config/discord/0.0.27/modules/pending/discord_krisp-1.zip: 96%
2023-05-16T09:11:59.377Z [Modules] Streaming discord_krisp@1 to /home/b33nan/.config/discord/0.0.27/modules/pending/discord_krisp-1.zip: 97%
2023-05-16T09:11:59.386Z [Modules] Streaming discord_krisp@1 to /home/b33nan/.config/discord/0.0.27/modules/pending/discord_krisp-1.zip: 98%
2023-05-16T09:11:59.387Z [Modules] Streaming discord_krisp@1 to /home/b33nan/.config/discord/0.0.27/modules/pending/discord_krisp-1.zip: 99%
2023-05-16T09:11:59.390Z [Modules] Streaming discord_krisp@1 to /home/b33nan/.config/discord/0.0.27/modules/pending/discord_krisp-1.zip: 100%
2023-05-16T09:11:59.392Z [Modules] Fetching discord_game_utils@1 from https://discord.com/api/modules/stable/discord_game_utils/1
2023-05-16T09:11:59.392Z [Modules] Streaming discord_game_utils@1 to /home/b33nan/.config/discord/0.0.27/modules/pending/discord_game_utils-1.zip
2023-05-16T09:11:59.392Z [Modules] Installing discord_krisp@1 from /home/b33nan/.config/discord/0.0.27/modules/pending/discord_krisp-1.zip
2023-05-16T09:11:59.460Z [Modules] Streaming discord_game_utils@1 to /home/b33nan/.config/discord/0.0.27/modules/pending/discord_game_utils-1.zip: 2%
2023-05-16T09:11:59.461Z [Modules] Streaming discord_game_utils@1 to /home/b33nan/.config/discord/0.0.27/modules/pending/discord_game_utils-1.zip: 5%
2023-05-16T09:11:59.461Z [Modules] Streaming discord_game_utils@1 to /home/b33nan/.config/discord/0.0.27/modules/pending/discord_game_utils-1.zip: 8%
2023-05-16T09:11:59.462Z [Modules] Streaming discord_game_utils@1 to /home/b33nan/.config/discord/0.0.27/modules/pending/discord_game_utils-1.zip: 9%
2023-05-16T09:11:59.462Z [Modules] Streaming discord_game_utils@1 to /home/b33nan/.config/discord/0.0.27/modules/pending/discord_game_utils-1.zip: 11%
2023-05-16T09:11:59.462Z [Modules] Streaming discord_game_utils@1 to /home/b33nan/.config/discord/0.0.27/modules/pending/discord_game_utils-1.zip: 13%
2023-05-16T09:11:59.462Z [Modules] Streaming discord_game_utils@1 to /home/b33nan/.config/discord/0.0.27/modules/pending/discord_game_utils-1.zip: 14%
2023-05-16T09:11:59.463Z [Modules] Streaming discord_game_utils@1 to /home/b33nan/.config/discord/0.0.27/modules/pending/discord_game_utils-1.zip: 15%
2023-05-16T09:11:59.463Z [Modules] Streaming discord_game_utils@1 to /home/b33nan/.config/discord/0.0.27/modules/pending/discord_game_utils-1.zip: 17%
2023-05-16T09:11:59.463Z [Modules] Streaming discord_game_utils@1 to /home/b33nan/.config/discord/0.0.27/modules/pending/discord_game_utils-1.zip: 18%
2023-05-16T09:11:59.463Z [Modules] Streaming discord_game_utils@1 to /home/b33nan/.config/discord/0.0.27/modules/pending/discord_game_utils-1.zip: 19%
2023-05-16T09:11:59.464Z [Modules] Streaming discord_game_utils@1 to /home/b33nan/.config/discord/0.0.27/modules/pending/discord_game_utils-1.zip: 20%
2023-05-16T09:11:59.464Z [Modules] Streaming discord_game_utils@1 to /home/b33nan/.config/discord/0.0.27/modules/pending/discord_game_utils-1.zip: 21%
2023-05-16T09:11:59.464Z [Modules] Streaming discord_game_utils@1 to /home/b33nan/.config/discord/0.0.27/modules/pending/discord_game_utils-1.zip: 23%
2023-05-16T09:11:59.465Z [Modules] Streaming discord_game_utils@1 to /home/b33nan/.config/discord/0.0.27/modules/pending/discord_game_utils-1.zip: 24%
2023-05-16T09:11:59.465Z [Modules] Streaming discord_game_utils@1 to /home/b33nan/.config/discord/0.0.27/modules/pending/discord_game_utils-1.zip: 25%
2023-05-16T09:11:59.465Z [Modules] Streaming discord_game_utils@1 to /home/b33nan/.config/discord/0.0.27/modules/pending/discord_game_utils-1.zip: 28%
2023-05-16T09:11:59.466Z [Modules] Streaming discord_game_utils@1 to /home/b33nan/.config/discord/0.0.27/modules/pending/discord_game_utils-1.zip: 31%
2023-05-16T09:11:59.466Z [Modules] Streaming discord_game_utils@1 to /home/b33nan/.config/discord/0.0.27/modules/pending/discord_game_utils-1.zip: 33%
2023-05-16T09:11:59.467Z [Modules] Streaming discord_game_utils@1 to /home/b33nan/.config/discord/0.0.27/modules/pending/discord_game_utils-1.zip: 36%
2023-05-16T09:11:59.467Z [Modules] Streaming discord_game_utils@1 to /home/b33nan/.config/discord/0.0.27/modules/pending/discord_game_utils-1.zip: 38%
2023-05-16T09:11:59.468Z [Modules] Streaming discord_game_utils@1 to /home/b33nan/.config/discord/0.0.27/modules/pending/discord_game_utils-1.zip: 41%
2023-05-16T09:11:59.469Z [Modules] Streaming discord_game_utils@1 to /home/b33nan/.config/discord/0.0.27/modules/pending/discord_game_utils-1.zip: 44%
2023-05-16T09:11:59.469Z [Modules] Streaming discord_game_utils@1 to /home/b33nan/.config/discord/0.0.27/modules/pending/discord_game_utils-1.zip: 46%
2023-05-16T09:11:59.470Z [Modules] Streaming discord_game_utils@1 to /home/b33nan/.config/discord/0.0.27/modules/pending/discord_game_utils-1.zip: 49%
2023-05-16T09:11:59.471Z [Modules] Streaming discord_game_utils@1 to /home/b33nan/.config/discord/0.0.27/modules/pending/discord_game_utils-1.zip: 52%
2023-05-16T09:11:59.471Z [Modules] Streaming discord_game_utils@1 to /home/b33nan/.config/discord/0.0.27/modules/pending/discord_game_utils-1.zip: 54%
2023-05-16T09:11:59.472Z [Modules] Streaming discord_game_utils@1 to /home/b33nan/.config/discord/0.0.27/modules/pending/discord_game_utils-1.zip: 57%
2023-05-16T09:11:59.472Z [Modules] Streaming discord_game_utils@1 to /home/b33nan/.config/discord/0.0.27/modules/pending/discord_game_utils-1.zip: 60%
2023-05-16T09:11:59.473Z [Modules] Streaming discord_game_utils@1 to /home/b33nan/.config/discord/0.0.27/modules/pending/discord_game_utils-1.zip: 62%
2023-05-16T09:11:59.473Z [Modules] Streaming discord_game_utils@1 to /home/b33nan/.config/discord/0.0.27/modules/pending/discord_game_utils-1.zip: 65%
2023-05-16T09:11:59.474Z [Modules] Streaming discord_game_utils@1 to /home/b33nan/.config/discord/0.0.27/modules/pending/discord_game_utils-1.zip: 68%
2023-05-16T09:11:59.475Z [Modules] Streaming discord_game_utils@1 to /home/b33nan/.config/discord/0.0.27/modules/pending/discord_game_utils-1.zip: 69%
2023-05-16T09:11:59.481Z [Modules] Streaming discord_game_utils@1 to /home/b33nan/.config/discord/0.0.27/modules/pending/discord_game_utils-1.zip: 72%
2023-05-16T09:11:59.482Z [Modules] Streaming discord_game_utils@1 to /home/b33nan/.config/discord/0.0.27/modules/pending/discord_game_utils-1.zip: 75%
2023-05-16T09:11:59.482Z [Modules] Streaming discord_game_utils@1 to /home/b33nan/.config/discord/0.0.27/modules/pending/discord_game_utils-1.zip: 80%
2023-05-16T09:11:59.482Z [Modules] Streaming discord_game_utils@1 to /home/b33nan/.config/discord/0.0.27/modules/pending/discord_game_utils-1.zip: 82%
2023-05-16T09:11:59.483Z [Modules] Streaming discord_game_utils@1 to /home/b33nan/.config/discord/0.0.27/modules/pending/discord_game_utils-1.zip: 84%
2023-05-16T09:11:59.484Z [Modules] Streaming discord_game_utils@1 to /home/b33nan/.config/discord/0.0.27/modules/pending/discord_game_utils-1.zip: 86%
2023-05-16T09:11:59.485Z [Modules] Streaming discord_game_utils@1 to /home/b33nan/.config/discord/0.0.27/modules/pending/discord_game_utils-1.zip: 89%
2023-05-16T09:11:59.486Z [Modules] Streaming discord_game_utils@1 to /home/b33nan/.config/discord/0.0.27/modules/pending/discord_game_utils-1.zip: 92%
2023-05-16T09:11:59.486Z [Modules] Streaming discord_game_utils@1 to /home/b33nan/.config/discord/0.0.27/modules/pending/discord_game_utils-1.zip: 97%
2023-05-16T09:11:59.486Z [Modules] Streaming discord_game_utils@1 to /home/b33nan/.config/discord/0.0.27/modules/pending/discord_game_utils-1.zip: 99%
2023-05-16T09:11:59.487Z [Modules] Streaming discord_game_utils@1 to /home/b33nan/.config/discord/0.0.27/modules/pending/discord_game_utils-1.zip: 100%
2023-05-16T09:11:59.488Z [Modules] Finished module downloads. [success: 2] [failure: 0]
2023-05-16T09:12:00.018Z [Modules] Installing discord_game_utils@1 from /home/b33nan/.config/discord/0.0.27/modules/pending/discord_game_utils-1.zip
2023-05-16T09:12:00.119Z [Modules] Finished module installations. [success: 2] [failure: 0]
2023-05-16T09:12:00.597Z [Modules] Checking for host updates.
2023-05-16T09:12:00.655Z [Modules] Host is up to date.
2023-05-16T09:12:00.655Z [Modules] Checking for module updates at https://discord.com/api/modules/stable/versions.json
2023-05-16T09:12:00.658Z [Modules] No module updates available.
2023-05-16T09:12:00.838Z [Modules] Starting to install discord_rpc...
2023-05-16T09:12:00.838Z [Modules] Fetching discord_rpc@1 from https://discord.com/api/modules/stable/discord_rpc/1
2023-05-16T09:12:00.838Z [Modules] Streaming discord_rpc@1 to /home/b33nan/.config/discord/0.0.27/modules/pending/discord_rpc-1.zip
2023-05-16T09:12:00.919Z [Modules] Streaming discord_rpc@1 to /home/b33nan/.config/discord/0.0.27/modules/pending/discord_rpc-1.zip: 100%
2023-05-16T09:12:00.920Z [Modules] Finished module downloads. [success: 1] [failure: 0]
2023-05-16T09:12:00.920Z [Modules] Installing discord_rpc@1 from /home/b33nan/.config/discord/0.0.27/modules/pending/discord_rpc-1.zip
2023-05-16T09:12:00.939Z [Modules] Finished module installations. [success: 1] [failure: 0]
2023-05-16T10:12:00.604Z [Modules] Checking for host updates.
2023-05-16T10:12:00.694Z [Modules] Host is up to date.
2023-05-16T10:12:00.694Z [Modules] Checking for module updates at https://discord.com/api/modules/stable/versions.json
2023-05-16T10:12:00.765Z [Modules] No module updates available.
2023-05-16T11:14:09.528Z [Modules] Modules initializing
2023-05-16T11:14:09.531Z [Modules] Distribution: remote
2023-05-16T11:14:09.531Z [Modules] Host updates: enabled
2023-05-16T11:14:09.531Z [Modules] Module updates: enabled
2023-05-16T11:14:09.531Z [Modules] Module install path: /home/b33nan/.config/discord/0.0.27/modules
2023-05-16T11:14:09.531Z [Modules] Module installed file path: /home/b33nan/.config/discord/0.0.27/modules/installed.json
2023-05-16T11:14:09.531Z [Modules] Module download path: /home/b33nan/.config/discord/0.0.27/modules/pending
2023-05-16T11:14:10.292Z [Modules] No updates to install
2023-05-16T11:14:10.294Z [Modules] Checking for host updates.
2023-05-16T11:14:10.719Z [Modules] Host is up to date.
2023-05-16T11:14:10.720Z [Modules] Checking for module updates at https://discord.com/api/modules/stable/versions.json
2023-05-16T11:14:10.806Z [Modules] No module updates available.
2023-05-16T11:14:15.323Z [Modules] Checking for host updates.
2023-05-16T11:14:15.379Z [Modules] Host is up to date.
2023-05-16T11:14:15.380Z [Modules] Checking for module updates at https://discord.com/api/modules/stable/versions.json
2023-05-16T11:14:15.382Z [Modules] No module updates available.
2023-05-16T12:14:15.333Z [Modules] Checking for host updates.
2023-05-16T12:14:15.463Z [Modules] Host is up to date.
2023-05-16T12:14:15.463Z [Modules] Checking for module updates at https://discord.com/api/modules/stable/versions.json
2023-05-16T12:14:15.534Z [Modules] No module updates available.
2023-05-16T13:14:15.329Z [Modules] Checking for host updates.
2023-05-16T13:14:15.426Z [Modules] Host is up to date.
2023-05-16T13:14:15.427Z [Modules] Checking for module updates at https://discord.com/api/modules/stable/versions.json
2023-05-16T13:14:15.499Z [Modules] No module updates available.
2023-05-16T14:14:15.329Z [Modules] Checking for host updates.
2023-05-16T14:14:15.395Z [Modules] Host is up to date.
2023-05-16T14:14:15.395Z [Modules] Checking for module updates at https://discord.com/api/modules/stable/versions.json
2023-05-16T14:14:15.460Z [Modules] No module updates available.
2023-05-16T19:49:16.079Z [Modules] Modules initializing
2023-05-16T19:49:16.082Z [Modules] Distribution: remote
2023-05-16T19:49:16.082Z [Modules] Host updates: enabled
2023-05-16T19:49:16.082Z [Modules] Module updates: enabled
2023-05-16T19:49:16.082Z [Modules] Module install path: /home/b33nan/.config/discord/0.0.27/modules
2023-05-16T19:49:16.082Z [Modules] Module installed file path: /home/b33nan/.config/discord/0.0.27/modules/installed.json
2023-05-16T19:49:16.082Z [Modules] Module download path: /home/b33nan/.config/discord/0.0.27/modules/pending
2023-05-16T19:49:16.411Z [Modules] No updates to install
2023-05-16T19:49:16.411Z [Modules] Checking for host updates.
2023-05-16T19:49:16.544Z [Modules] Host is up to date.
2023-05-16T19:49:16.545Z [Modules] Checking for module updates at https://discord.com/api/modules/stable/versions.json
2023-05-16T19:49:16.563Z [Modules] No module updates available.
2023-05-16T19:49:19.427Z [Modules] Checking for host updates.
2023-05-16T19:49:19.488Z [Modules] Host is up to date.
2023-05-16T19:49:19.488Z [Modules] Checking for module updates at https://discord.com/api/modules/stable/versions.json
2023-05-16T19:49:19.491Z [Modules] No module updates available.
2023-05-16T20:49:19.438Z [Modules] Checking for host updates.
2023-05-16T20:49:19.526Z [Modules] Host is up to date.
2023-05-16T20:49:19.527Z [Modules] Checking for module updates at https://discord.com/api/modules/stable/versions.json
2023-05-16T20:49:19.561Z [Modules] No module updates available.
2023-05-16T21:49:19.436Z [Modules] Checking for host updates.
2023-05-16T21:49:19.515Z [Modules] Host is up to date.
2023-05-16T21:49:19.515Z [Modules] Checking for module updates at https://discord.com/api/modules/stable/versions.json
2023-05-16T21:49:19.544Z [Modules] No module updates available.
2023-05-16T21:25:10.992Z [Modules] Modules initializing
2023-05-16T21:25:10.995Z [Modules] Distribution: remote
2023-05-16T21:25:10.995Z [Modules] Host updates: enabled
2023-05-16T21:25:10.995Z [Modules] Module updates: enabled
2023-05-16T21:25:10.996Z [Modules] Module install path: /home/b33nan/.config/discord/0.0.27/modules
2023-05-16T21:25:10.996Z [Modules] Module installed file path: /home/b33nan/.config/discord/0.0.27/modules/installed.json
2023-05-16T21:25:10.996Z [Modules] Module download path: /home/b33nan/.config/discord/0.0.27/modules/pending
2023-05-16T21:25:11.370Z [Modules] No updates to install
2023-05-16T21:25:11.371Z [Modules] Checking for host updates.
2023-05-16T21:25:11.518Z [Modules] Host is up to date.
2023-05-16T21:25:11.518Z [Modules] Checking for module updates at https://discord.com/api/modules/stable/versions.json
2023-05-16T21:25:11.576Z [Modules] No module updates available.
2023-05-16T21:25:14.689Z [Modules] Checking for host updates.
2023-05-16T21:25:14.759Z [Modules] Host is up to date.
2023-05-16T21:25:14.759Z [Modules] Checking for module updates at https://discord.com/api/modules/stable/versions.json
2023-05-16T21:25:14.762Z [Modules] No module updates available.
2023-05-16T22:25:14.697Z [Modules] Checking for host updates.
2023-05-16T22:25:14.775Z [Modules] Host is up to date.
2023-05-16T22:25:14.776Z [Modules] Checking for module updates at https://discord.com/api/modules/stable/versions.json
2023-05-16T22:25:14.842Z [Modules] No module updates available.
2023-05-16T23:25:14.695Z [Modules] Checking for host updates.
2023-05-16T23:25:14.761Z [Modules] Host is up to date.
2023-05-16T23:25:14.761Z [Modules] Checking for module updates at https://discord.com/api/modules/stable/versions.json
2023-05-16T23:25:14.825Z [Modules] No module updates available.
2023-05-17T00:25:14.697Z [Modules] Checking for host updates.
2023-05-17T00:25:14.772Z [Modules] Host is up to date.
2023-05-17T00:25:14.772Z [Modules] Checking for module updates at https://discord.com/api/modules/stable/versions.json
2023-05-17T00:25:14.829Z [Modules] No module updates available.
2023-05-17T01:25:14.698Z [Modules] Checking for host updates.
2023-05-17T01:25:14.770Z [Modules] Host is up to date.
2023-05-17T01:25:14.771Z [Modules] Checking for module updates at https://discord.com/api/modules/stable/versions.json
2023-05-17T01:25:14.831Z [Modules] No module updates available.
2023-05-17T02:25:14.695Z [Modules] Checking for host updates.
2023-05-17T02:25:14.767Z [Modules] Host is up to date.
2023-05-17T02:25:14.767Z [Modules] Checking for module updates at https://discord.com/api/modules/stable/versions.json
2023-05-17T02:25:14.828Z [Modules] No module updates available.
2023-05-17T03:25:14.695Z [Modules] Checking for host updates.
2023-05-17T03:25:14.763Z [Modules] Host is up to date.
2023-05-17T03:25:14.763Z [Modules] Checking for module updates at https://discord.com/api/modules/stable/versions.json
2023-05-17T03:25:14.828Z [Modules] No module updates available.
2023-05-17T04:25:14.695Z [Modules] Checking for host updates.
2023-05-17T04:25:14.762Z [Modules] Host is up to date.
2023-05-17T04:25:14.762Z [Modules] Checking for module updates at https://discord.com/api/modules/stable/versions.json
2023-05-17T04:25:14.826Z [Modules] No module updates available.
2023-05-17T05:25:14.697Z [Modules] Checking for host updates.
2023-05-17T05:25:14.776Z [Modules] Host is up to date.
2023-05-17T05:25:14.776Z [Modules] Checking for module updates at https://discord.com/api/modules/stable/versions.json
2023-05-17T05:25:14.838Z [Modules] No module updates available.
2023-05-17T06:25:14.692Z [Modules] Checking for host updates.
2023-05-17T06:25:14.758Z [Modules] Host is up to date.
2023-05-17T06:25:14.759Z [Modules] Checking for module updates at https://discord.com/api/modules/stable/versions.json
2023-05-17T06:25:14.838Z [Modules] No module updates available.
2023-05-17T07:25:14.697Z [Modules] Checking for host updates.
2023-05-17T07:25:14.768Z [Modules] Host is up to date.
2023-05-17T07:25:14.769Z [Modules] Checking for module updates at https://discord.com/api/modules/stable/versions.json
2023-05-17T07:25:14.831Z [Modules] No module updates available.
2023-05-17T08:25:14.697Z [Modules] Checking for host updates.
2023-05-17T08:25:14.799Z [Modules] Host is up to date.
2023-05-17T08:25:14.800Z [Modules] Checking for module updates at https://discord.com/api/modules/stable/versions.json
2023-05-17T08:25:14.866Z [Modules] No module updates available.
2023-05-17T08:55:19.816Z [Modules] Modules initializing
2023-05-17T08:55:19.819Z [Modules] Distribution: remote
2023-05-17T08:55:19.819Z [Modules] Host updates: enabled
2023-05-17T08:55:19.819Z [Modules] Module updates: enabled
2023-05-17T08:55:19.819Z [Modules] Module install path: /home/b33nan/.config/discord/0.0.27/modules
2023-05-17T08:55:19.819Z [Modules] Module installed file path: /home/b33nan/.config/discord/0.0.27/modules/installed.json
2023-05-17T08:55:19.820Z [Modules] Module download path: /home/b33nan/.config/discord/0.0.27/modules/pending
2023-05-17T08:55:20.207Z [Modules] No updates to install
2023-05-17T08:55:20.208Z [Modules] Checking for host updates.
2023-05-17T08:55:20.328Z [Modules] Host is up to date.
2023-05-17T08:55:20.329Z [Modules] Checking for module updates at https://discord.com/api/modules/stable/versions.json
2023-05-17T08:55:20.383Z [Modules] No module updates available.
2023-05-17T08:55:22.782Z [Modules] Checking for host updates.
2023-05-17T08:55:22.840Z [Modules] Host is up to date.
2023-05-17T08:55:22.840Z [Modules] Checking for module updates at https://discord.com/api/modules/stable/versions.json
2023-05-17T08:55:22.843Z [Modules] No module updates available.
